{
  "stats": {
    "suites": 2,
    "tests": 2,
    "passes": 1,
    "pending": 0,
    "failures": 1,
    "testsRegistered": 2,
    "passPercent": 50,
    "pendingPercent": 0,
    "other": 0,
    "hasOther": false,
    "skipped": 0,
    "hasSkipped": false,
    "start": "2023-04-18T10:38:36.456Z",
    "end": "2023-04-18T10:38:51.932Z",
    "duration": 15476
  },
  "results": [
    {
      "uuid": "a1317485-a2bc-446e-b07d-27d90a1dbf92",
      "title": "",
      "fullFile": "cypress/e2e/a11y.cy.js",
      "file": "cypress/e2e/a11y.cy.js",
      "beforeHooks": [],
      "afterHooks": [],
      "tests": [],
      "suites": [
        {
          "uuid": "38cd9a61-f886-4f4c-b4d3-b953b8ee36f6",
          "title": "Accessibility testing",
          "fullFile": "",
          "file": "",
          "beforeHooks": [],
          "afterHooks": [],
          "tests": [
            {
              "title": "Testcase One",
              "fullTitle": "Accessibility testing Testcase One",
              "timedOut": null,
              "duration": 4614,
              "state": "failed",
              "speed": null,
              "pass": false,
              "fail": true,
              "pending": false,
              "context": null,
              "code": "cy.visit('https://ecommerce-playground.lambdatest.io/');\ncy.injectAxe();\n// cy.checkA11y()\n// cy.checkA11y('.type-text')\n//cy.checkA11y({ exclude: '.type-text' })\n//for excluding a rule\ncy.checkA11y(null, {\n  rules: {\n    //the id of rule from console log\n    \"color-contrast\": {\n      enabled: false\n    },\n    \"heading-order\": {\n      enabled: false\n    }\n  }\n});\n//for using custom commands:\n// https://www.youtube.com/watch?v=DLUJcBPleDU",
              "err": {
                "message": "AssertionError: 7 accessibility violations were detected: expected 7 to equal 0",
                "estack": "AssertionError: 7 accessibility violations were detected: expected 7 to equal 0\n    at Context.eval (webpack:///./node_modules/cypress-axe/dist/index.js:100:0)",
                "diff": null
              },
              "uuid": "9d8f9a2e-0021-4026-8922-797593c517ee",
              "parentUUID": "38cd9a61-f886-4f4c-b4d3-b953b8ee36f6",
              "isHook": false,
              "skipped": false
            }
          ],
          "suites": [],
          "passes": [],
          "failures": [
            "9d8f9a2e-0021-4026-8922-797593c517ee"
          ],
          "pending": [],
          "skipped": [],
          "duration": 4614,
          "root": false,
          "rootEmpty": false,
          "_timeout": 2000
        }
      ],
      "passes": [],
      "failures": [],
      "pending": [],
      "skipped": [],
      "duration": 0,
      "root": true,
      "rootEmpty": true,
      "_timeout": 2000
    },
    {
      "uuid": "760213c8-0b49-4312-9aee-91b401c09608",
      "title": "",
      "fullFile": "cypress/e2e/spec.cy.js",
      "file": "cypress/e2e/spec.cy.js",
      "beforeHooks": [],
      "afterHooks": [],
      "tests": [],
      "suites": [
        {
          "uuid": "cd99695a-e6b6-4027-b751-692b9a4d52fa",
          "title": "template spec",
          "fullFile": "",
          "file": "",
          "beforeHooks": [],
          "afterHooks": [],
          "tests": [
            {
              "title": "passes",
              "fullTitle": "template spec passes",
              "timedOut": null,
              "duration": 2137,
              "state": "passed",
              "speed": "fast",
              "pass": true,
              "fail": false,
              "pending": false,
              "context": null,
              "code": "cy.visit('https://example.cypress.io');",
              "err": {},
              "uuid": "92a5b071-4ecc-471a-a3fb-0ccf66a5fce8",
              "parentUUID": "cd99695a-e6b6-4027-b751-692b9a4d52fa",
              "isHook": false,
              "skipped": false
            }
          ],
          "suites": [],
          "passes": [
            "92a5b071-4ecc-471a-a3fb-0ccf66a5fce8"
          ],
          "failures": [],
          "pending": [],
          "skipped": [],
          "duration": 2137,
          "root": false,
          "rootEmpty": false,
          "_timeout": 2000
        }
      ],
      "passes": [],
      "failures": [],
      "pending": [],
      "skipped": [],
      "duration": 0,
      "root": true,
      "rootEmpty": true,
      "_timeout": 2000
    }
  ],
  "meta": {
    "mocha": {
      "version": "7.0.1"
    },
    "mochawesome": {
      "options": {
        "quiet": false,
        "reportFilename": "mochawesome",
        "saveHtml": false,
        "saveJson": true,
        "consoleReporter": "spec",
        "useInlineDiffs": false,
        "code": true
      },
      "version": "7.1.3"
    },
    "marge": {
      "options": {
        "charts": true,
        "overwrite": false,
        "html": false,
        "json": true,
        "reportDir": "cypress/report/mochawesome-report"
      },
      "version": "6.2.0"
    }
  }
}